<?xml version="1.0" encoding="UTF-8"?>
<!-- Generated by org.testng.reporters.JUnitReportReporter -->
<testsuite hostname="hp" failures="0" tests="2" name="Test_Classes.Test_1" time="25.865" errors="0" timestamp="2023-02-03T19:20:10 IST" skipped="0">
  <testcase classname="Test_Classes.Test_1" name="verifycreatenewBtn" time="15.244"/>
  <system-out/>
  <testcase classname="Test_Classes.Test_1" name="verifyusername" time="10.621"/>
  <system-out/>
</testsuite> <!-- Test_Classes.Test_1 -->
